Equate elements:  no current cell.
Equate elements:  no current cell.
Equate elements:  no current cell.
Equate elements:  no current cell.
Flattening unmatched subcell sky130_fd_pr__nfet_g5v0d10v5_DP5JSB in circuit bmbgota (0)(10 instances)
Flattening unmatched subcell sky130_fd_pr__cap_mim_m3_1_5WMUWD in circuit bmbgota (0)(1 instance)
Flattening unmatched subcell sky130_fd_pr__pfet_g5v0d10v5_WL3UED in circuit bmbgota (0)(18 instances)
Flattening unmatched subcell sky130_fd_pr__pfet_g5v0d10v5_JNK3YL in circuit bmbgota (0)(6 instances)
Flattening unmatched subcell sky130_fd_pr__nfet_g5v0d10v5_RQRC42 in circuit bmbgota (0)(4 instances)
Flattening unmatched subcell sky130_fd_pr__res_xhigh_po_1p41_VXUL7W in circuit bmbgota (0)(1 instance)

Class bmbgota (0):  Merged 28 parallel devices.
Class bmbgota_xschem.spice (1):  Merged 2 parallel devices.
Subcircuit summary:
Circuit 1: bmbgota                         |Circuit 2: bmbgota_xschem.spice            
-------------------------------------------|-------------------------------------------
sky130_fd_pr__nfet_g5v0d10v5 (14->4)       |sky130_fd_pr__nfet_g5v0d10v5 (14->4)       
sky130_fd_pr__cap_mim_m3_1 (1)             |sky130_fd_pr__cap_mim_m3_1 (1)             
sky130_fd_pr__pfet_g5v0d10v5 (24->6)       |sky130_fd_pr__pfet_g5v0d10v5 (24->6)       
sky130_fd_pr__res_xhigh_po_1p41 (1)        |sky130_fd_pr__res_xhigh_po_1p41 (1)        
Number of devices: 12                      |Number of devices: 12                      
Number of nets: 10                         |Number of nets: 10                         
---------------------------------------------------------------------------------------
Circuits match uniquely.
Netlists match uniquely.

Subcircuit pins:
Circuit 1: bmbgota                         |Circuit 2: bmbgota_xschem.spice            
-------------------------------------------|-------------------------------------------
INN                                        |(no matching pin)                          
INP                                        |(no matching pin)                          
VDD                                        |(no matching pin)                          
VOUT                                       |(no matching pin)                          
IB                                         |(no matching pin)                          
VSS                                        |(no matching pin)                          
VDD                                        |(no matching pin)                          
VSS                                        |(no matching pin)                          
VOUT                                       |(no matching pin)                          
IB                                         |(no matching pin)                          
INN                                        |(no matching pin)                          
INP                                        |(no matching pin)                          
---------------------------------------------------------------------------------------
Cell pin lists for bmbgota and bmbgota_xschem.spice altered to match.
Cells failed matching, or top level cell failed pin matching.
