Flattening unmatched subcell sky130_fd_pr__diode_pd2nw_11v0_AZAYX8 in circuit vthref (0)(1 instance)
Flattening unmatched subcell sky130_fd_pr__pfet_g5v0d10v5_E2L9FU in circuit vthref (0)(5 instances)
Flattening unmatched subcell sky130_fd_pr__nfet_01v8_EPMVA9 in circuit vthref (0)(3 instances)
Flattening unmatched subcell sky130_fd_pr__nfet_g5v0d10v5_4N6WEG in circuit vthref (0)(3 instances)
Flattening unmatched subcell sky130_fd_pr__res_xhigh_po_0p69_XGV8ZL in circuit vthref (0)(1 instance)
Flattening unmatched subcell sky130_fd_pr__res_xhigh_po_1p41_QNNG5Y in circuit vthref (0)(1 instance)
Flattening unmatched subcell sky130_fd_pr__nfet_g5v0d10v5_5RXK42 in circuit vthref (0)(1 instance)
Flattening unmatched subcell sky130_fd_pr__nfet_01v8_8LG9UZ in circuit vthref (0)(1 instance)
Flattening unmatched subcell sky130_fd_pr__nfet_g5v0d10v5_N98HAS in circuit vthref (0)(1 instance)

Equate elements:  no current cell.

Equate elements:  no current cell.

Equate elements:  no current cell.

Equate elements:  no current cell.

Equate elements:  no current cell.

Class vthref(0):  Merged 37 parallel devices.
Class vthref(0):  Merged 5 series devices.
Subcircuit summary:
Circuit 1: vthref                          |Circuit 2: vthref_xschem.spice             
-------------------------------------------|-------------------------------------------
sky130_fd_pr__diode_pd2nw_11v0 (1)         |sky130_fd_pr__diode_pd2nw_11v0 (1)         
sky130_fd_pr__pfet_g5v0d10v5 (5)           |sky130_fd_pr__pfet_g5v0d10v5 (5)           
sky130_fd_pr__nfet_01v8 (4)                |sky130_fd_pr__nfet_01v8 (4)                
sky130_fd_pr__nfet_g5v0d10v5 (5)           |sky130_fd_pr__nfet_g5v0d10v5 (5)           
sky130_fd_pr__res_xhigh_po_0p69 (1)        |sky130_fd_pr__res_xhigh_po_0p69 (1)        
sky130_fd_pr__res_xhigh_po_1p41 (1)        |sky130_fd_pr__res_xhigh_po_1p41 (1)        
Number of devices: 17                      |Number of devices: 17                      
Number of nets: 13                         |Number of nets: 13                         
---------------------------------------------------------------------------------------
Circuits match uniquely.
Property errors were found.
Netlists match uniquely.
There were property errors.
sky130_fd_pr__diode_pd2nw_11v0_AZAYX8DSU/sky130_fd_pr__diode_pd2nw_11v00 vs. sky130_fd_pr__diode_pd2nw_11v0SU:
Property pj in circuit1 has no matching property in circuit2

Subcircuit pins:
Circuit 1: vthref                          |Circuit 2: vthref_xschem.spice             
-------------------------------------------|-------------------------------------------
ISINK                                      |(no matching pin)                          
ISOURCE                                    |(no matching pin)                          
VSS                                        |(no matching pin)                          
VDD                                        |(no matching pin)                          
VDD                                        |(no matching pin)                          
VSS                                        |(no matching pin)                          
ISOURCE                                    |(no matching pin)                          
ISINK                                      |(no matching pin)                          
---------------------------------------------------------------------------------------
Cell pin lists for vthref and vthref_xschem.spice altered to match.
Cells failed matching, or top level cell failed pin matching.
The following cells had property errors:
 vthref
