Equate elements:  no current cell.
Equate elements:  no current cell.
Equate elements:  no current cell.

Class sky130_fd_sc_hd__inv_4 (0):  Merged 6 parallel devices.
Class sky130_fd_sc_hd__inv_4 (1):  Merged 6 parallel devices.
Subcircuit summary:
Circuit 1: sky130_fd_sc_hd__inv_4          |Circuit 2: sky130_fd_sc_hd__inv_4          
-------------------------------------------|-------------------------------------------
sky130_fd_pr__pfet_01v8_hvt (4->1)         |sky130_fd_pr__pfet_01v8_hvt (4->1)         
sky130_fd_pr__nfet_01v8 (4->1)             |sky130_fd_pr__nfet_01v8 (4->1)             
Number of devices: 2                       |Number of devices: 2                       
Number of nets: 6                          |Number of nets: 6                          
---------------------------------------------------------------------------------------
Circuits match uniquely.
Netlists match uniquely.

Subcircuit pins:
Circuit 1: sky130_fd_sc_hd__inv_4          |Circuit 2: sky130_fd_sc_hd__inv_4          
-------------------------------------------|-------------------------------------------
Y                                          |Y                                          
A                                          |A                                          
VGND                                       |VGND                                       
VNB                                        |VNB                                        
VPWR                                       |VPWR                                       
VPB                                        |VPB                                        
---------------------------------------------------------------------------------------
Cell pin lists are equivalent.
Device classes sky130_fd_sc_hd__inv_4 and sky130_fd_sc_hd__inv_4 are equivalent.

Class sky130_fd_sc_hd__or2_4 (0):  Merged 6 parallel devices.
Class sky130_fd_sc_hd__or2_4 (1):  Merged 6 parallel devices.
Subcircuit summary:
Circuit 1: sky130_fd_sc_hd__or2_4          |Circuit 2: sky130_fd_sc_hd__or2_4          
-------------------------------------------|-------------------------------------------
sky130_fd_pr__pfet_01v8_hvt (6->3)         |sky130_fd_pr__pfet_01v8_hvt (6->3)         
sky130_fd_pr__nfet_01v8 (6->3)             |sky130_fd_pr__nfet_01v8 (6->3)             
Number of devices: 6                       |Number of devices: 6                       
Number of nets: 9                          |Number of nets: 9                          
---------------------------------------------------------------------------------------
Circuits match uniquely.
Netlists match uniquely.

Subcircuit pins:
Circuit 1: sky130_fd_sc_hd__or2_4          |Circuit 2: sky130_fd_sc_hd__or2_4          
-------------------------------------------|-------------------------------------------
VPB                                        |VPB                                        
VGND                                       |VGND                                       
VNB                                        |VNB                                        
B                                          |B                                          
X                                          |X                                          
VPWR                                       |VPWR                                       
A                                          |A                                          
---------------------------------------------------------------------------------------
Cell pin lists are equivalent.
Device classes sky130_fd_sc_hd__or2_4 and sky130_fd_sc_hd__or2_4 are equivalent.

Subcircuit summary:
Circuit 1: sky130_fd_sc_hd__dfrtn_1        |Circuit 2: sky130_fd_sc_hd__dfrtn_1        
-------------------------------------------|-------------------------------------------
sky130_fd_pr__nfet_01v8 (14)               |sky130_fd_pr__nfet_01v8 (14)               
sky130_fd_pr__pfet_01v8_hvt (14)           |sky130_fd_pr__pfet_01v8_hvt (14)           
Number of devices: 28                      |Number of devices: 28                      
Number of nets: 21                         |Number of nets: 21                         
---------------------------------------------------------------------------------------
Circuits match uniquely.
Netlists match uniquely.

Subcircuit pins:
Circuit 1: sky130_fd_sc_hd__dfrtn_1        |Circuit 2: sky130_fd_sc_hd__dfrtn_1        
-------------------------------------------|-------------------------------------------
VPWR                                       |VPWR                                       
RESET_B                                    |RESET_B                                    
VGND                                       |VGND                                       
VPB                                        |VPB                                        
VNB                                        |VNB                                        
D                                          |D                                          
Q                                          |Q                                          
CLK_N                                      |CLK_N                                      
---------------------------------------------------------------------------------------
Cell pin lists are equivalent.
Device classes sky130_fd_sc_hd__dfrtn_1 and sky130_fd_sc_hd__dfrtn_1 are equivalent.
Flattening unmatched subcell sky130_fd_pr__nfet_01v8_AXXKZX in circuit riosc (0)(12 instances)
Flattening unmatched subcell sky130_fd_pr__pfet_01v8_9ZL4AL in circuit riosc (0)(11 instances)
Flattening unmatched subcell sky130_fd_pr__nfet_01v8_HS2QBX in circuit riosc (0)(1 instance)
Flattening unmatched subcell sky130_fd_pr__nfet_01v8_HW54L5 in circuit riosc (0)(1 instance)

Class riosc (0):  Merged 4 parallel devices.
Subcircuit summary:
Circuit 1: riosc                           |Circuit 2: riosc_xschem.spice              
-------------------------------------------|-------------------------------------------
sky130_fd_pr__nfet_01v8 (18->14)           |sky130_fd_pr__nfet_01v8 (18->14)           
sky130_fd_pr__pfet_01v8 (11)               |sky130_fd_pr__pfet_01v8 (11)               
sky130_fd_sc_hd__inv_4 (3)                 |sky130_fd_sc_hd__inv_4 (3)                 
sky130_fd_sc_hd__or2_4 (1)                 |sky130_fd_sc_hd__or2_4 (1)                 
sky130_fd_sc_hd__dfrtn_1 (3)               |sky130_fd_sc_hd__dfrtn_1 (3)               
Number of devices: 32                      |Number of devices: 32                      
Number of nets: 29                         |Number of nets: 29                         
---------------------------------------------------------------------------------------
Circuits match uniquely.
Netlists match uniquely.

Subcircuit pins:
Circuit 1: riosc                           |Circuit 2: riosc_xschem.spice              
-------------------------------------------|-------------------------------------------
RESET                                      |(no matching pin)                          
VDD                                        |(no matching pin)                          
OSC                                        |(no matching pin)                          
IB                                         |(no matching pin)                          
EN                                         |(no matching pin)                          
VSS                                        |(no matching pin)                          
VDD                                        |(no matching pin)                          
VSS                                        |(no matching pin)                          
IB                                         |(no matching pin)                          
EN                                         |(no matching pin)                          
RESET                                      |(no matching pin)                          
OSC                                        |(no matching pin)                          
---------------------------------------------------------------------------------------
Cell pin lists for riosc and riosc_xschem.spice altered to match.
Cells failed matching, or top level cell failed pin matching.
